#! /opt/local/bin/vvp
:ivl_version "12.0 (stable)";
:ivl_delay_selection "TYPICAL";
:vpi_time_precision + 0;
:vpi_module "/opt/local/lib/ivl/system.vpi";
:vpi_module "/opt/local/lib/ivl/vhdl_sys.vpi";
:vpi_module "/opt/local/lib/ivl/vhdl_textio.vpi";
:vpi_module "/opt/local/lib/ivl/v2005_math.vpi";
:vpi_module "/opt/local/lib/ivl/va_math.vpi";
S_0x7fddf6204080 .scope module, "labL" "labL" 2 1;
 .timescale 0 0;
v0x6000016dd5f0_0 .var/s "a", 31 0;
v0x6000016dd680_0 .var/s "b", 31 0;
v0x6000016dd710_0 .var "cin", 0 0;
v0x6000016dd7a0_0 .net "cout", 0 0, L_0x6000015cbe80;  1 drivers
v0x6000016dd830_0 .var/s "expect", 31 0;
v0x6000016dd8c0_0 .var "ok", 0 0;
v0x6000016dd950_0 .net/s "z", 31 0, L_0x6000015c8000;  1 drivers
S_0x7fddf62041f0 .scope module, "my_adder" "yAdder" 2 7, 3 1 0, S_0x7fddf6204080;
 .timescale 0 0;
    .port_info 0 /OUTPUT 32 "z";
    .port_info 1 /OUTPUT 1 "cout";
    .port_info 2 /INPUT 32 "a";
    .port_info 3 /INPUT 32 "b";
    .port_info 4 /INPUT 1 "cin";
L_0x600000fd8620 .functor BUFZ 1, v0x6000016dd710_0, C4<0>, C4<0>, C4<0>;
v0x6000016dd0e0_0 .net *"_ivl_101", 0 0, L_0x600000fd8620;  1 drivers
v0x6000016dd170_0 .net *"_ivl_106", 30 0, L_0x6000015cbde0;  1 drivers
v0x6000016dd200_0 .net "a", 31 0, v0x6000016dd5f0_0;  1 drivers
v0x6000016dd290_0 .net "b", 31 0, v0x6000016dd680_0;  1 drivers
v0x6000016dd320_0 .net "cin", 0 0, v0x6000016dd710_0;  1 drivers
v0x6000016dd3b0_0 .net "cout", 0 0, L_0x6000015cbe80;  alias, 1 drivers
v0x6000016dd440_0 .net "in", 31 0, L_0x6000015cbd40;  1 drivers
v0x6000016dd4d0_0 .net "out", 31 0, L_0x6000015c80a0;  1 drivers
v0x6000016dd560_0 .net "z", 31 0, L_0x6000015c8000;  alias, 1 drivers
LS_0x6000015c8000_0_0 .concat [ 1 1 1 1], L_0x600000fc4070, L_0x600000fc42a0, L_0x600000fc44d0, L_0x600000fc4700;
LS_0x6000015c8000_0_4 .concat [ 1 1 1 1], L_0x600000fc4930, L_0x600000fc4b60, L_0x600000fc4d90, L_0x600000fc4fc0;
LS_0x6000015c8000_0_8 .concat [ 1 1 1 1], L_0x600000fc51f0, L_0x600000fc5420, L_0x600000fc5650, L_0x600000fc5880;
LS_0x6000015c8000_0_12 .concat [ 1 1 1 1], L_0x600000fc5ab0, L_0x600000fc5ce0, L_0x600000fc5f10, L_0x600000fc6140;
LS_0x6000015c8000_0_16 .concat [ 1 1 1 1], L_0x600000fc6370, L_0x600000fc65a0, L_0x600000fc67d0, L_0x600000fc6a00;
LS_0x6000015c8000_0_20 .concat [ 1 1 1 1], L_0x600000fc6c30, L_0x600000fc6e60, L_0x600000fc7090, L_0x600000fc72c0;
LS_0x6000015c8000_0_24 .concat [ 1 1 1 1], L_0x600000fc74f0, L_0x600000fc7720, L_0x600000fc7950, L_0x600000fc7b80;
LS_0x6000015c8000_0_28 .concat [ 1 1 1 1], L_0x600000fc7db0, L_0x600000fd8000, L_0x600000fd8230, L_0x600000fd8460;
LS_0x6000015c8000_1_0 .concat [ 4 4 4 4], LS_0x6000015c8000_0_0, LS_0x6000015c8000_0_4, LS_0x6000015c8000_0_8, LS_0x6000015c8000_0_12;
LS_0x6000015c8000_1_4 .concat [ 4 4 4 4], LS_0x6000015c8000_0_16, LS_0x6000015c8000_0_20, LS_0x6000015c8000_0_24, LS_0x6000015c8000_0_28;
L_0x6000015c8000 .concat [ 16 16 0 0], LS_0x6000015c8000_1_0, LS_0x6000015c8000_1_4;
LS_0x6000015c80a0_0_0 .concat [ 1 1 1 1], L_0x600000fc41c0, L_0x600000fc43f0, L_0x600000fc4620, L_0x600000fc4850;
LS_0x6000015c80a0_0_4 .concat [ 1 1 1 1], L_0x600000fc4a80, L_0x600000fc4cb0, L_0x600000fc4ee0, L_0x600000fc5110;
LS_0x6000015c80a0_0_8 .concat [ 1 1 1 1], L_0x600000fc5340, L_0x600000fc5570, L_0x600000fc57a0, L_0x600000fc59d0;
LS_0x6000015c80a0_0_12 .concat [ 1 1 1 1], L_0x600000fc5c00, L_0x600000fc5e30, L_0x600000fc6060, L_0x600000fc6290;
LS_0x6000015c80a0_0_16 .concat [ 1 1 1 1], L_0x600000fc64c0, L_0x600000fc66f0, L_0x600000fc6920, L_0x600000fc6b50;
LS_0x6000015c80a0_0_20 .concat [ 1 1 1 1], L_0x600000fc6d80, L_0x600000fc6fb0, L_0x600000fc71e0, L_0x600000fc7410;
LS_0x6000015c80a0_0_24 .concat [ 1 1 1 1], L_0x600000fc7640, L_0x600000fc7870, L_0x600000fc7aa0, L_0x600000fc7cd0;
LS_0x6000015c80a0_0_28 .concat [ 1 1 1 1], L_0x600000fc7f00, L_0x600000fd8150, L_0x600000fd8380, L_0x600000fd85b0;
LS_0x6000015c80a0_1_0 .concat [ 4 4 4 4], LS_0x6000015c80a0_0_0, LS_0x6000015c80a0_0_4, LS_0x6000015c80a0_0_8, LS_0x6000015c80a0_0_12;
LS_0x6000015c80a0_1_4 .concat [ 4 4 4 4], LS_0x6000015c80a0_0_16, LS_0x6000015c80a0_0_20, LS_0x6000015c80a0_0_24, LS_0x6000015c80a0_0_28;
L_0x6000015c80a0 .concat [ 16 16 0 0], LS_0x6000015c80a0_1_0, LS_0x6000015c80a0_1_4;
L_0x6000015c8140 .part v0x6000016dd5f0_0, 0, 1;
L_0x6000015c81e0 .part v0x6000016dd5f0_0, 1, 1;
L_0x6000015c8280 .part v0x6000016dd5f0_0, 2, 1;
L_0x6000015c8320 .part v0x6000016dd5f0_0, 3, 1;
L_0x6000015c83c0 .part v0x6000016dd5f0_0, 4, 1;
L_0x6000015c8460 .part v0x6000016dd5f0_0, 5, 1;
L_0x6000015c8500 .part v0x6000016dd5f0_0, 6, 1;
L_0x6000015c85a0 .part v0x6000016dd5f0_0, 7, 1;
L_0x6000015c8640 .part v0x6000016dd5f0_0, 8, 1;
L_0x6000015c86e0 .part v0x6000016dd5f0_0, 9, 1;
L_0x6000015c8780 .part v0x6000016dd5f0_0, 10, 1;
L_0x6000015c8820 .part v0x6000016dd5f0_0, 11, 1;
L_0x6000015c88c0 .part v0x6000016dd5f0_0, 12, 1;
L_0x6000015c8960 .part v0x6000016dd5f0_0, 13, 1;
L_0x6000015c8a00 .part v0x6000016dd5f0_0, 14, 1;
L_0x6000015c8aa0 .part v0x6000016dd5f0_0, 15, 1;
L_0x6000015c8b40 .part v0x6000016dd5f0_0, 16, 1;
L_0x6000015c8c80 .part v0x6000016dd5f0_0, 17, 1;
L_0x6000015c8d20 .part v0x6000016dd5f0_0, 18, 1;
L_0x6000015c8be0 .part v0x6000016dd5f0_0, 19, 1;
L_0x6000015c8dc0 .part v0x6000016dd5f0_0, 20, 1;
L_0x6000015c8e60 .part v0x6000016dd5f0_0, 21, 1;
L_0x6000015c8f00 .part v0x6000016dd5f0_0, 22, 1;
L_0x6000015c8fa0 .part v0x6000016dd5f0_0, 23, 1;
L_0x6000015c9040 .part v0x6000016dd5f0_0, 24, 1;
L_0x6000015c90e0 .part v0x6000016dd5f0_0, 25, 1;
L_0x6000015c9180 .part v0x6000016dd5f0_0, 26, 1;
L_0x6000015c9220 .part v0x6000016dd5f0_0, 27, 1;
L_0x6000015c92c0 .part v0x6000016dd5f0_0, 28, 1;
L_0x6000015c9360 .part v0x6000016dd5f0_0, 29, 1;
L_0x6000015c9400 .part v0x6000016dd5f0_0, 30, 1;
L_0x6000015c94a0 .part v0x6000016dd5f0_0, 31, 1;
L_0x6000015c9540 .part v0x6000016dd680_0, 0, 1;
L_0x6000015c95e0 .part v0x6000016dd680_0, 1, 1;
L_0x6000015c9680 .part v0x6000016dd680_0, 2, 1;
L_0x6000015c9720 .part v0x6000016dd680_0, 3, 1;
L_0x6000015c97c0 .part v0x6000016dd680_0, 4, 1;
L_0x6000015c9860 .part v0x6000016dd680_0, 5, 1;
L_0x6000015c9900 .part v0x6000016dd680_0, 6, 1;
L_0x6000015c99a0 .part v0x6000016dd680_0, 7, 1;
L_0x6000015c9a40 .part v0x6000016dd680_0, 8, 1;
L_0x6000015c9ae0 .part v0x6000016dd680_0, 9, 1;
L_0x6000015c9b80 .part v0x6000016dd680_0, 10, 1;
L_0x6000015c9c20 .part v0x6000016dd680_0, 11, 1;
L_0x6000015c9cc0 .part v0x6000016dd680_0, 12, 1;
L_0x6000015c9d60 .part v0x6000016dd680_0, 13, 1;
L_0x6000015c9e00 .part v0x6000016dd680_0, 14, 1;
L_0x6000015c9ea0 .part v0x6000016dd680_0, 15, 1;
L_0x6000015c9f40 .part v0x6000016dd680_0, 16, 1;
L_0x6000015c9fe0 .part v0x6000016dd680_0, 17, 1;
L_0x6000015ca080 .part v0x6000016dd680_0, 18, 1;
L_0x6000015ca120 .part v0x6000016dd680_0, 19, 1;
L_0x6000015ca1c0 .part v0x6000016dd680_0, 20, 1;
L_0x6000015ca260 .part v0x6000016dd680_0, 21, 1;
L_0x6000015ca300 .part v0x6000016dd680_0, 22, 1;
L_0x6000015ca3a0 .part v0x6000016dd680_0, 23, 1;
L_0x6000015ca440 .part v0x6000016dd680_0, 24, 1;
L_0x6000015ca4e0 .part v0x6000016dd680_0, 25, 1;
L_0x6000015ca580 .part v0x6000016dd680_0, 26, 1;
L_0x6000015ca620 .part v0x6000016dd680_0, 27, 1;
L_0x6000015ca6c0 .part v0x6000016dd680_0, 28, 1;
L_0x6000015ca760 .part v0x6000016dd680_0, 29, 1;
L_0x6000015ca800 .part v0x6000016dd680_0, 30, 1;
L_0x6000015ca8a0 .part v0x6000016dd680_0, 31, 1;
L_0x6000015ca940 .part L_0x6000015cbd40, 0, 1;
L_0x6000015ca9e0 .part L_0x6000015cbd40, 1, 1;
L_0x6000015caa80 .part L_0x6000015cbd40, 2, 1;
L_0x6000015cab20 .part L_0x6000015cbd40, 3, 1;
L_0x6000015cabc0 .part L_0x6000015cbd40, 4, 1;
L_0x6000015cac60 .part L_0x6000015cbd40, 5, 1;
L_0x6000015cad00 .part L_0x6000015cbd40, 6, 1;
L_0x6000015cada0 .part L_0x6000015cbd40, 7, 1;
L_0x6000015cae40 .part L_0x6000015cbd40, 8, 1;
L_0x6000015caee0 .part L_0x6000015cbd40, 9, 1;
L_0x6000015caf80 .part L_0x6000015cbd40, 10, 1;
L_0x6000015cb020 .part L_0x6000015cbd40, 11, 1;
L_0x6000015cb0c0 .part L_0x6000015cbd40, 12, 1;
L_0x6000015cb160 .part L_0x6000015cbd40, 13, 1;
L_0x6000015cb200 .part L_0x6000015cbd40, 14, 1;
L_0x6000015cb2a0 .part L_0x6000015cbd40, 15, 1;
L_0x6000015cb340 .part L_0x6000015cbd40, 16, 1;
L_0x6000015cb3e0 .part L_0x6000015cbd40, 17, 1;
L_0x6000015cb480 .part L_0x6000015cbd40, 18, 1;
L_0x6000015cb520 .part L_0x6000015cbd40, 19, 1;
L_0x6000015cb5c0 .part L_0x6000015cbd40, 20, 1;
L_0x6000015cb660 .part L_0x6000015cbd40, 21, 1;
L_0x6000015cb700 .part L_0x6000015cbd40, 22, 1;
L_0x6000015cb7a0 .part L_0x6000015cbd40, 23, 1;
L_0x6000015cb840 .part L_0x6000015cbd40, 24, 1;
L_0x6000015cb8e0 .part L_0x6000015cbd40, 25, 1;
L_0x6000015cb980 .part L_0x6000015cbd40, 26, 1;
L_0x6000015cba20 .part L_0x6000015cbd40, 27, 1;
L_0x6000015cbac0 .part L_0x6000015cbd40, 28, 1;
L_0x6000015cbb60 .part L_0x6000015cbd40, 29, 1;
L_0x6000015cbc00 .part L_0x6000015cbd40, 30, 1;
L_0x6000015cbca0 .part L_0x6000015cbd40, 31, 1;
L_0x6000015cbd40 .concat8 [ 1 31 0 0], L_0x600000fd8620, L_0x6000015cbde0;
L_0x6000015cbde0 .part L_0x6000015c80a0, 0, 31;
L_0x6000015cbe80 .part L_0x6000015c80a0, 31, 1;
S_0x7fddf6204360 .scope module, "mine[0]" "yAdder1" 3 8, 4 1 0, S_0x7fddf62041f0;
 .timescale 0 0;
    .port_info 0 /OUTPUT 1 "z";
    .port_info 1 /OUTPUT 1 "cout";
    .port_info 2 /INPUT 1 "a";
    .port_info 3 /INPUT 1 "b";
    .port_info 4 /INPUT 1 "cin";
L_0x600000fc4000 .functor XOR 1, L_0x6000015c8140, L_0x6000015c9540, C4<0>, C4<0>;
L_0x600000fc4070 .functor XOR 1, L_0x6000015ca940, L_0x600000fc4000, C4<0>, C4<0>;
L_0x600000fc40e0 .functor AND 1, L_0x6000015c8140, L_0x6000015c9540, C4<1>, C4<1>;
L_0x600000fc4150 .functor AND 1, L_0x600000fc4000, L_0x6000015ca940, C4<1>, C4<1>;
L_0x600000fc41c0 .functor OR 1, L_0x600000fc4150, L_0x600000fc40e0, C4<0>, C4<0>;
v0x6000016c4000_0 .net "a", 0 0, L_0x6000015c8140;  1 drivers
v0x6000016c4090_0 .net "b", 0 0, L_0x6000015c9540;  1 drivers
v0x6000016c4120_0 .net "cin", 0 0, L_0x6000015ca940;  1 drivers
v0x6000016c41b0_0 .net "cout", 0 0, L_0x600000fc41c0;  1 drivers
v0x6000016c4240_0 .net "outL", 0 0, L_0x600000fc40e0;  1 drivers
v0x6000016c42d0_0 .net "outR", 0 0, L_0x600000fc4150;  1 drivers
v0x6000016c4360_0 .net "tmp", 0 0, L_0x600000fc4000;  1 drivers
v0x6000016c43f0_0 .net "z", 0 0, L_0x600000fc4070;  1 drivers
S_0x7fddf62044d0 .scope module, "mine[1]" "yAdder1" 3 8, 4 1 0, S_0x7fddf62041f0;
 .timescale 0 0;
    .port_info 0 /OUTPUT 1 "z";
    .port_info 1 /OUTPUT 1 "cout";
    .port_info 2 /INPUT 1 "a";
    .port_info 3 /INPUT 1 "b";
    .port_info 4 /INPUT 1 "cin";
L_0x600000fc4230 .functor XOR 1, L_0x6000015c81e0, L_0x6000015c95e0, C4<0>, C4<0>;
L_0x600000fc42a0 .functor XOR 1, L_0x6000015ca9e0, L_0x600000fc4230, C4<0>, C4<0>;
L_0x600000fc4310 .functor AND 1, L_0x6000015c81e0, L_0x6000015c95e0, C4<1>, C4<1>;
L_0x600000fc4380 .functor AND 1, L_0x600000fc4230, L_0x6000015ca9e0, C4<1>, C4<1>;
L_0x600000fc43f0 .functor OR 1, L_0x600000fc4380, L_0x600000fc4310, C4<0>, C4<0>;
v0x6000016c4480_0 .net "a", 0 0, L_0x6000015c81e0;  1 drivers
v0x6000016c4510_0 .net "b", 0 0, L_0x6000015c95e0;  1 drivers
v0x6000016c45a0_0 .net "cin", 0 0, L_0x6000015ca9e0;  1 drivers
v0x6000016c4630_0 .net "cout", 0 0, L_0x600000fc43f0;  1 drivers
v0x6000016c46c0_0 .net "outL", 0 0, L_0x600000fc4310;  1 drivers
v0x6000016c4750_0 .net "outR", 0 0, L_0x600000fc4380;  1 drivers
v0x6000016c47e0_0 .net "tmp", 0 0, L_0x600000fc4230;  1 drivers
v0x6000016c4870_0 .net "z", 0 0, L_0x600000fc42a0;  1 drivers
S_0x7fddf6204640 .scope module, "mine[2]" "yAdder1" 3 8, 4 1 0, S_0x7fddf62041f0;
 .timescale 0 0;
    .port_info 0 /OUTPUT 1 "z";
    .port_info 1 /OUTPUT 1 "cout";
    .port_info 2 /INPUT 1 "a";
    .port_info 3 /INPUT 1 "b";
    .port_info 4 /INPUT 1 "cin";
L_0x600000fc4460 .functor XOR 1, L_0x6000015c8280, L_0x6000015c9680, C4<0>, C4<0>;
L_0x600000fc44d0 .functor XOR 1, L_0x6000015caa80, L_0x600000fc4460, C4<0>, C4<0>;
L_0x600000fc4540 .functor AND 1, L_0x6000015c8280, L_0x6000015c9680, C4<1>, C4<1>;
L_0x600000fc45b0 .functor AND 1, L_0x600000fc4460, L_0x6000015caa80, C4<1>, C4<1>;
L_0x600000fc4620 .functor OR 1, L_0x600000fc45b0, L_0x600000fc4540, C4<0>, C4<0>;
v0x6000016c4900_0 .net "a", 0 0, L_0x6000015c8280;  1 drivers
v0x6000016c4990_0 .net "b", 0 0, L_0x6000015c9680;  1 drivers
v0x6000016c4a20_0 .net "cin", 0 0, L_0x6000015caa80;  1 drivers
v0x6000016c4ab0_0 .net "cout", 0 0, L_0x600000fc4620;  1 drivers
v0x6000016c4b40_0 .net "outL", 0 0, L_0x600000fc4540;  1 drivers
v0x6000016c4bd0_0 .net "outR", 0 0, L_0x600000fc45b0;  1 drivers
v0x6000016c4c60_0 .net "tmp", 0 0, L_0x600000fc4460;  1 drivers
v0x6000016c4cf0_0 .net "z", 0 0, L_0x600000fc44d0;  1 drivers
S_0x7fddf62047b0 .scope module, "mine[3]" "yAdder1" 3 8, 4 1 0, S_0x7fddf62041f0;
 .timescale 0 0;
    .port_info 0 /OUTPUT 1 "z";
    .port_info 1 /OUTPUT 1 "cout";
    .port_info 2 /INPUT 1 "a";
    .port_info 3 /INPUT 1 "b";
    .port_info 4 /INPUT 1 "cin";
L_0x600000fc4690 .functor XOR 1, L_0x6000015c8320, L_0x6000015c9720, C4<0>, C4<0>;
L_0x600000fc4700 .functor XOR 1, L_0x6000015cab20, L_0x600000fc4690, C4<0>, C4<0>;
L_0x600000fc4770 .functor AND 1, L_0x6000015c8320, L_0x6000015c9720, C4<1>, C4<1>;
L_0x600000fc47e0 .functor AND 1, L_0x600000fc4690, L_0x6000015cab20, C4<1>, C4<1>;
L_0x600000fc4850 .functor OR 1, L_0x600000fc47e0, L_0x600000fc4770, C4<0>, C4<0>;
v0x6000016c4d80_0 .net "a", 0 0, L_0x6000015c8320;  1 drivers
v0x6000016c4e10_0 .net "b", 0 0, L_0x6000015c9720;  1 drivers
v0x6000016c4ea0_0 .net "cin", 0 0, L_0x6000015cab20;  1 drivers
v0x6000016c4f30_0 .net "cout", 0 0, L_0x600000fc4850;  1 drivers
v0x6000016c4fc0_0 .net "outL", 0 0, L_0x600000fc4770;  1 drivers
v0x6000016c5050_0 .net "outR", 0 0, L_0x600000fc47e0;  1 drivers
v0x6000016c50e0_0 .net "tmp", 0 0, L_0x600000fc4690;  1 drivers
v0x6000016c5170_0 .net "z", 0 0, L_0x600000fc4700;  1 drivers
S_0x7fddf6204920 .scope module, "mine[4]" "yAdder1" 3 8, 4 1 0, S_0x7fddf62041f0;
 .timescale 0 0;
    .port_info 0 /OUTPUT 1 "z";
    .port_info 1 /OUTPUT 1 "cout";
    .port_info 2 /INPUT 1 "a";
    .port_info 3 /INPUT 1 "b";
    .port_info 4 /INPUT 1 "cin";
L_0x600000fc48c0 .functor XOR 1, L_0x6000015c83c0, L_0x6000015c97c0, C4<0>, C4<0>;
L_0x600000fc4930 .functor XOR 1, L_0x6000015cabc0, L_0x600000fc48c0, C4<0>, C4<0>;
L_0x600000fc49a0 .functor AND 1, L_0x6000015c83c0, L_0x6000015c97c0, C4<1>, C4<1>;
L_0x600000fc4a10 .functor AND 1, L_0x600000fc48c0, L_0x6000015cabc0, C4<1>, C4<1>;
L_0x600000fc4a80 .functor OR 1, L_0x600000fc4a10, L_0x600000fc49a0, C4<0>, C4<0>;
v0x6000016c5200_0 .net "a", 0 0, L_0x6000015c83c0;  1 drivers
v0x6000016c5290_0 .net "b", 0 0, L_0x6000015c97c0;  1 drivers
v0x6000016c5320_0 .net "cin", 0 0, L_0x6000015cabc0;  1 drivers
v0x6000016c53b0_0 .net "cout", 0 0, L_0x600000fc4a80;  1 drivers
v0x6000016c5440_0 .net "outL", 0 0, L_0x600000fc49a0;  1 drivers
v0x6000016c54d0_0 .net "outR", 0 0, L_0x600000fc4a10;  1 drivers
v0x6000016c5560_0 .net "tmp", 0 0, L_0x600000fc48c0;  1 drivers
v0x6000016c55f0_0 .net "z", 0 0, L_0x600000fc4930;  1 drivers
S_0x7fddf6204a90 .scope module, "mine[5]" "yAdder1" 3 8, 4 1 0, S_0x7fddf62041f0;
 .timescale 0 0;
    .port_info 0 /OUTPUT 1 "z";
    .port_info 1 /OUTPUT 1 "cout";
    .port_info 2 /INPUT 1 "a";
    .port_info 3 /INPUT 1 "b";
    .port_info 4 /INPUT 1 "cin";
L_0x600000fc4af0 .functor XOR 1, L_0x6000015c8460, L_0x6000015c9860, C4<0>, C4<0>;
L_0x600000fc4b60 .functor XOR 1, L_0x6000015cac60, L_0x600000fc4af0, C4<0>, C4<0>;
L_0x600000fc4bd0 .functor AND 1, L_0x6000015c8460, L_0x6000015c9860, C4<1>, C4<1>;
L_0x600000fc4c40 .functor AND 1, L_0x600000fc4af0, L_0x6000015cac60, C4<1>, C4<1>;
L_0x600000fc4cb0 .functor OR 1, L_0x600000fc4c40, L_0x600000fc4bd0, C4<0>, C4<0>;
v0x6000016c5680_0 .net "a", 0 0, L_0x6000015c8460;  1 drivers
v0x6000016c5710_0 .net "b", 0 0, L_0x6000015c9860;  1 drivers
v0x6000016c57a0_0 .net "cin", 0 0, L_0x6000015cac60;  1 drivers
v0x6000016c5830_0 .net "cout", 0 0, L_0x600000fc4cb0;  1 drivers
v0x6000016c58c0_0 .net "outL", 0 0, L_0x600000fc4bd0;  1 drivers
v0x6000016c5950_0 .net "outR", 0 0, L_0x600000fc4c40;  1 drivers
v0x6000016c59e0_0 .net "tmp", 0 0, L_0x600000fc4af0;  1 drivers
v0x6000016c5a70_0 .net "z", 0 0, L_0x600000fc4b60;  1 drivers
S_0x7fddf6204c00 .scope module, "mine[6]" "yAdder1" 3 8, 4 1 0, S_0x7fddf62041f0;
 .timescale 0 0;
    .port_info 0 /OUTPUT 1 "z";
    .port_info 1 /OUTPUT 1 "cout";
    .port_info 2 /INPUT 1 "a";
    .port_info 3 /INPUT 1 "b";
    .port_info 4 /INPUT 1 "cin";
L_0x600000fc4d20 .functor XOR 1, L_0x6000015c8500, L_0x6000015c9900, C4<0>, C4<0>;
L_0x600000fc4d90 .functor XOR 1, L_0x6000015cad00, L_0x600000fc4d20, C4<0>, C4<0>;
L_0x600000fc4e00 .functor AND 1, L_0x6000015c8500, L_0x6000015c9900, C4<1>, C4<1>;
L_0x600000fc4e70 .functor AND 1, L_0x600000fc4d20, L_0x6000015cad00, C4<1>, C4<1>;
L_0x600000fc4ee0 .functor OR 1, L_0x600000fc4e70, L_0x600000fc4e00, C4<0>, C4<0>;
v0x6000016c5b00_0 .net "a", 0 0, L_0x6000015c8500;  1 drivers
v0x6000016c5b90_0 .net "b", 0 0, L_0x6000015c9900;  1 drivers
v0x6000016c5c20_0 .net "cin", 0 0, L_0x6000015cad00;  1 drivers
v0x6000016c5cb0_0 .net "cout", 0 0, L_0x600000fc4ee0;  1 drivers
v0x6000016c5d40_0 .net "outL", 0 0, L_0x600000fc4e00;  1 drivers
v0x6000016c5dd0_0 .net "outR", 0 0, L_0x600000fc4e70;  1 drivers
v0x6000016c5e60_0 .net "tmp", 0 0, L_0x600000fc4d20;  1 drivers
v0x6000016c5ef0_0 .net "z", 0 0, L_0x600000fc4d90;  1 drivers
S_0x7fddf6204d70 .scope module, "mine[7]" "yAdder1" 3 8, 4 1 0, S_0x7fddf62041f0;
 .timescale 0 0;
    .port_info 0 /OUTPUT 1 "z";
    .port_info 1 /OUTPUT 1 "cout";
    .port_info 2 /INPUT 1 "a";
    .port_info 3 /INPUT 1 "b";
    .port_info 4 /INPUT 1 "cin";
L_0x600000fc4f50 .functor XOR 1, L_0x6000015c85a0, L_0x6000015c99a0, C4<0>, C4<0>;
L_0x600000fc4fc0 .functor XOR 1, L_0x6000015cada0, L_0x600000fc4f50, C4<0>, C4<0>;
L_0x600000fc5030 .functor AND 1, L_0x6000015c85a0, L_0x6000015c99a0, C4<1>, C4<1>;
L_0x600000fc50a0 .functor AND 1, L_0x600000fc4f50, L_0x6000015cada0, C4<1>, C4<1>;
L_0x600000fc5110 .functor OR 1, L_0x600000fc50a0, L_0x600000fc5030, C4<0>, C4<0>;
v0x6000016c5f80_0 .net "a", 0 0, L_0x6000015c85a0;  1 drivers
v0x6000016c6010_0 .net "b", 0 0, L_0x6000015c99a0;  1 drivers
v0x6000016c60a0_0 .net "cin", 0 0, L_0x6000015cada0;  1 drivers
v0x6000016c6130_0 .net "cout", 0 0, L_0x600000fc5110;  1 drivers
v0x6000016c61c0_0 .net "outL", 0 0, L_0x600000fc5030;  1 drivers
v0x6000016c6250_0 .net "outR", 0 0, L_0x600000fc50a0;  1 drivers
v0x6000016c62e0_0 .net "tmp", 0 0, L_0x600000fc4f50;  1 drivers
v0x6000016c6370_0 .net "z", 0 0, L_0x600000fc4fc0;  1 drivers
S_0x7fddf6204ee0 .scope module, "mine[8]" "yAdder1" 3 8, 4 1 0, S_0x7fddf62041f0;
 .timescale 0 0;
    .port_info 0 /OUTPUT 1 "z";
    .port_info 1 /OUTPUT 1 "cout";
    .port_info 2 /INPUT 1 "a";
    .port_info 3 /INPUT 1 "b";
    .port_info 4 /INPUT 1 "cin";
L_0x600000fc5180 .functor XOR 1, L_0x6000015c8640, L_0x6000015c9a40, C4<0>, C4<0>;
L_0x600000fc51f0 .functor XOR 1, L_0x6000015cae40, L_0x600000fc5180, C4<0>, C4<0>;
L_0x600000fc5260 .functor AND 1, L_0x6000015c8640, L_0x6000015c9a40, C4<1>, C4<1>;
L_0x600000fc52d0 .functor AND 1, L_0x600000fc5180, L_0x6000015cae40, C4<1>, C4<1>;
L_0x600000fc5340 .functor OR 1, L_0x600000fc52d0, L_0x600000fc5260, C4<0>, C4<0>;
v0x6000016c6400_0 .net "a", 0 0, L_0x6000015c8640;  1 drivers
v0x6000016c6490_0 .net "b", 0 0, L_0x6000015c9a40;  1 drivers
v0x6000016c6520_0 .net "cin", 0 0, L_0x6000015cae40;  1 drivers
v0x6000016c65b0_0 .net "cout", 0 0, L_0x600000fc5340;  1 drivers
v0x6000016c6640_0 .net "outL", 0 0, L_0x600000fc5260;  1 drivers
v0x6000016c66d0_0 .net "outR", 0 0, L_0x600000fc52d0;  1 drivers
v0x6000016c6760_0 .net "tmp", 0 0, L_0x600000fc5180;  1 drivers
v0x6000016c67f0_0 .net "z", 0 0, L_0x600000fc51f0;  1 drivers
S_0x7fddf6205050 .scope module, "mine[9]" "yAdder1" 3 8, 4 1 0, S_0x7fddf62041f0;
 .timescale 0 0;
    .port_info 0 /OUTPUT 1 "z";
    .port_info 1 /OUTPUT 1 "cout";
    .port_info 2 /INPUT 1 "a";
    .port_info 3 /INPUT 1 "b";
    .port_info 4 /INPUT 1 "cin";
L_0x600000fc53b0 .functor XOR 1, L_0x6000015c86e0, L_0x6000015c9ae0, C4<0>, C4<0>;
L_0x600000fc5420 .functor XOR 1, L_0x6000015caee0, L_0x600000fc53b0, C4<0>, C4<0>;
L_0x600000fc5490 .functor AND 1, L_0x6000015c86e0, L_0x6000015c9ae0, C4<1>, C4<1>;
L_0x600000fc5500 .functor AND 1, L_0x600000fc53b0, L_0x6000015caee0, C4<1>, C4<1>;
L_0x600000fc5570 .functor OR 1, L_0x600000fc5500, L_0x600000fc5490, C4<0>, C4<0>;
v0x6000016c6880_0 .net "a", 0 0, L_0x6000015c86e0;  1 drivers
v0x6000016c6910_0 .net "b", 0 0, L_0x6000015c9ae0;  1 drivers
v0x6000016c69a0_0 .net "cin", 0 0, L_0x6000015caee0;  1 drivers
v0x6000016c6a30_0 .net "cout", 0 0, L_0x600000fc5570;  1 drivers
v0x6000016c6ac0_0 .net "outL", 0 0, L_0x600000fc5490;  1 drivers
v0x6000016c6b50_0 .net "outR", 0 0, L_0x600000fc5500;  1 drivers
v0x6000016c6be0_0 .net "tmp", 0 0, L_0x600000fc53b0;  1 drivers
v0x6000016c6c70_0 .net "z", 0 0, L_0x600000fc5420;  1 drivers
S_0x7fddf62051c0 .scope module, "mine[10]" "yAdder1" 3 8, 4 1 0, S_0x7fddf62041f0;
 .timescale 0 0;
    .port_info 0 /OUTPUT 1 "z";
    .port_info 1 /OUTPUT 1 "cout";
    .port_info 2 /INPUT 1 "a";
    .port_info 3 /INPUT 1 "b";
    .port_info 4 /INPUT 1 "cin";
L_0x600000fc55e0 .functor XOR 1, L_0x6000015c8780, L_0x6000015c9b80, C4<0>, C4<0>;
L_0x600000fc5650 .functor XOR 1, L_0x6000015caf80, L_0x600000fc55e0, C4<0>, C4<0>;
L_0x600000fc56c0 .functor AND 1, L_0x6000015c8780, L_0x6000015c9b80, C4<1>, C4<1>;
L_0x600000fc5730 .functor AND 1, L_0x600000fc55e0, L_0x6000015caf80, C4<1>, C4<1>;
L_0x600000fc57a0 .functor OR 1, L_0x600000fc5730, L_0x600000fc56c0, C4<0>, C4<0>;
v0x6000016c6d00_0 .net "a", 0 0, L_0x6000015c8780;  1 drivers
v0x6000016c6d90_0 .net "b", 0 0, L_0x6000015c9b80;  1 drivers
v0x6000016c6e20_0 .net "cin", 0 0, L_0x6000015caf80;  1 drivers
v0x6000016c6eb0_0 .net "cout", 0 0, L_0x600000fc57a0;  1 drivers
v0x6000016c6f40_0 .net "outL", 0 0, L_0x600000fc56c0;  1 drivers
v0x6000016c6fd0_0 .net "outR", 0 0, L_0x600000fc5730;  1 drivers
v0x6000016c7060_0 .net "tmp", 0 0, L_0x600000fc55e0;  1 drivers
v0x6000016c70f0_0 .net "z", 0 0, L_0x600000fc5650;  1 drivers
S_0x7fddf6205330 .scope module, "mine[11]" "yAdder1" 3 8, 4 1 0, S_0x7fddf62041f0;
 .timescale 0 0;
    .port_info 0 /OUTPUT 1 "z";
    .port_info 1 /OUTPUT 1 "cout";
    .port_info 2 /INPUT 1 "a";
    .port_info 3 /INPUT 1 "b";
    .port_info 4 /INPUT 1 "cin";
L_0x600000fc5810 .functor XOR 1, L_0x6000015c8820, L_0x6000015c9c20, C4<0>, C4<0>;
L_0x600000fc5880 .functor XOR 1, L_0x6000015cb020, L_0x600000fc5810, C4<0>, C4<0>;
L_0x600000fc58f0 .functor AND 1, L_0x6000015c8820, L_0x6000015c9c20, C4<1>, C4<1>;
L_0x600000fc5960 .functor AND 1, L_0x600000fc5810, L_0x6000015cb020, C4<1>, C4<1>;
L_0x600000fc59d0 .functor OR 1, L_0x600000fc5960, L_0x600000fc58f0, C4<0>, C4<0>;
v0x6000016c7180_0 .net "a", 0 0, L_0x6000015c8820;  1 drivers
v0x6000016c7210_0 .net "b", 0 0, L_0x6000015c9c20;  1 drivers
v0x6000016c72a0_0 .net "cin", 0 0, L_0x6000015cb020;  1 drivers
v0x6000016c7330_0 .net "cout", 0 0, L_0x600000fc59d0;  1 drivers
v0x6000016c73c0_0 .net "outL", 0 0, L_0x600000fc58f0;  1 drivers
v0x6000016c7450_0 .net "outR", 0 0, L_0x600000fc5960;  1 drivers
v0x6000016c74e0_0 .net "tmp", 0 0, L_0x600000fc5810;  1 drivers
v0x6000016c7570_0 .net "z", 0 0, L_0x600000fc5880;  1 drivers
S_0x7fddf62054a0 .scope module, "mine[12]" "yAdder1" 3 8, 4 1 0, S_0x7fddf62041f0;
 .timescale 0 0;
    .port_info 0 /OUTPUT 1 "z";
    .port_info 1 /OUTPUT 1 "cout";
    .port_info 2 /INPUT 1 "a";
    .port_info 3 /INPUT 1 "b";
    .port_info 4 /INPUT 1 "cin";
L_0x600000fc5a40 .functor XOR 1, L_0x6000015c88c0, L_0x6000015c9cc0, C4<0>, C4<0>;
L_0x600000fc5ab0 .functor XOR 1, L_0x6000015cb0c0, L_0x600000fc5a40, C4<0>, C4<0>;
L_0x600000fc5b20 .functor AND 1, L_0x6000015c88c0, L_0x6000015c9cc0, C4<1>, C4<1>;
L_0x600000fc5b90 .functor AND 1, L_0x600000fc5a40, L_0x6000015cb0c0, C4<1>, C4<1>;
L_0x600000fc5c00 .functor OR 1, L_0x600000fc5b90, L_0x600000fc5b20, C4<0>, C4<0>;
v0x6000016c7600_0 .net "a", 0 0, L_0x6000015c88c0;  1 drivers
v0x6000016c7690_0 .net "b", 0 0, L_0x6000015c9cc0;  1 drivers
v0x6000016c7720_0 .net "cin", 0 0, L_0x6000015cb0c0;  1 drivers
v0x6000016c77b0_0 .net "cout", 0 0, L_0x600000fc5c00;  1 drivers
v0x6000016c7840_0 .net "outL", 0 0, L_0x600000fc5b20;  1 drivers
v0x6000016c78d0_0 .net "outR", 0 0, L_0x600000fc5b90;  1 drivers
v0x6000016c7960_0 .net "tmp", 0 0, L_0x600000fc5a40;  1 drivers
v0x6000016c79f0_0 .net "z", 0 0, L_0x600000fc5ab0;  1 drivers
S_0x7fddf6205610 .scope module, "mine[13]" "yAdder1" 3 8, 4 1 0, S_0x7fddf62041f0;
 .timescale 0 0;
    .port_info 0 /OUTPUT 1 "z";
    .port_info 1 /OUTPUT 1 "cout";
    .port_info 2 /INPUT 1 "a";
    .port_info 3 /INPUT 1 "b";
    .port_info 4 /INPUT 1 "cin";
L_0x600000fc5c70 .functor XOR 1, L_0x6000015c8960, L_0x6000015c9d60, C4<0>, C4<0>;
L_0x600000fc5ce0 .functor XOR 1, L_0x6000015cb160, L_0x600000fc5c70, C4<0>, C4<0>;
L_0x600000fc5d50 .functor AND 1, L_0x6000015c8960, L_0x6000015c9d60, C4<1>, C4<1>;
L_0x600000fc5dc0 .functor AND 1, L_0x600000fc5c70, L_0x6000015cb160, C4<1>, C4<1>;
L_0x600000fc5e30 .functor OR 1, L_0x600000fc5dc0, L_0x600000fc5d50, C4<0>, C4<0>;
v0x6000016c7a80_0 .net "a", 0 0, L_0x6000015c8960;  1 drivers
v0x6000016c7b10_0 .net "b", 0 0, L_0x6000015c9d60;  1 drivers
v0x6000016c7ba0_0 .net "cin", 0 0, L_0x6000015cb160;  1 drivers
v0x6000016c7c30_0 .net "cout", 0 0, L_0x600000fc5e30;  1 drivers
v0x6000016c7cc0_0 .net "outL", 0 0, L_0x600000fc5d50;  1 drivers
v0x6000016c7d50_0 .net "outR", 0 0, L_0x600000fc5dc0;  1 drivers
v0x6000016c7de0_0 .net "tmp", 0 0, L_0x600000fc5c70;  1 drivers
v0x6000016c7e70_0 .net "z", 0 0, L_0x600000fc5ce0;  1 drivers
S_0x7fddf6205780 .scope module, "mine[14]" "yAdder1" 3 8, 4 1 0, S_0x7fddf62041f0;
 .timescale 0 0;
    .port_info 0 /OUTPUT 1 "z";
    .port_info 1 /OUTPUT 1 "cout";
    .port_info 2 /INPUT 1 "a";
    .port_info 3 /INPUT 1 "b";
    .port_info 4 /INPUT 1 "cin";
L_0x600000fc5ea0 .functor XOR 1, L_0x6000015c8a00, L_0x6000015c9e00, C4<0>, C4<0>;
L_0x600000fc5f10 .functor XOR 1, L_0x6000015cb200, L_0x600000fc5ea0, C4<0>, C4<0>;
L_0x600000fc5f80 .functor AND 1, L_0x6000015c8a00, L_0x6000015c9e00, C4<1>, C4<1>;
L_0x600000fc5ff0 .functor AND 1, L_0x600000fc5ea0, L_0x6000015cb200, C4<1>, C4<1>;
L_0x600000fc6060 .functor OR 1, L_0x600000fc5ff0, L_0x600000fc5f80, C4<0>, C4<0>;
v0x6000016c7f00_0 .net "a", 0 0, L_0x6000015c8a00;  1 drivers
v0x6000016d8000_0 .net "b", 0 0, L_0x6000015c9e00;  1 drivers
v0x6000016d8090_0 .net "cin", 0 0, L_0x6000015cb200;  1 drivers
v0x6000016d8120_0 .net "cout", 0 0, L_0x600000fc6060;  1 drivers
v0x6000016d81b0_0 .net "outL", 0 0, L_0x600000fc5f80;  1 drivers
v0x6000016d8240_0 .net "outR", 0 0, L_0x600000fc5ff0;  1 drivers
v0x6000016d82d0_0 .net "tmp", 0 0, L_0x600000fc5ea0;  1 drivers
v0x6000016d8360_0 .net "z", 0 0, L_0x600000fc5f10;  1 drivers
S_0x7fddf62058f0 .scope module, "mine[15]" "yAdder1" 3 8, 4 1 0, S_0x7fddf62041f0;
 .timescale 0 0;
    .port_info 0 /OUTPUT 1 "z";
    .port_info 1 /OUTPUT 1 "cout";
    .port_info 2 /INPUT 1 "a";
    .port_info 3 /INPUT 1 "b";
    .port_info 4 /INPUT 1 "cin";
L_0x600000fc60d0 .functor XOR 1, L_0x6000015c8aa0, L_0x6000015c9ea0, C4<0>, C4<0>;
L_0x600000fc6140 .functor XOR 1, L_0x6000015cb2a0, L_0x600000fc60d0, C4<0>, C4<0>;
L_0x600000fc61b0 .functor AND 1, L_0x6000015c8aa0, L_0x6000015c9ea0, C4<1>, C4<1>;
L_0x600000fc6220 .functor AND 1, L_0x600000fc60d0, L_0x6000015cb2a0, C4<1>, C4<1>;
L_0x600000fc6290 .functor OR 1, L_0x600000fc6220, L_0x600000fc61b0, C4<0>, C4<0>;
v0x6000016d83f0_0 .net "a", 0 0, L_0x6000015c8aa0;  1 drivers
v0x6000016d8480_0 .net "b", 0 0, L_0x6000015c9ea0;  1 drivers
v0x6000016d8510_0 .net "cin", 0 0, L_0x6000015cb2a0;  1 drivers
v0x6000016d85a0_0 .net "cout", 0 0, L_0x600000fc6290;  1 drivers
v0x6000016d8630_0 .net "outL", 0 0, L_0x600000fc61b0;  1 drivers
v0x6000016d86c0_0 .net "outR", 0 0, L_0x600000fc6220;  1 drivers
v0x6000016d8750_0 .net "tmp", 0 0, L_0x600000fc60d0;  1 drivers
v0x6000016d87e0_0 .net "z", 0 0, L_0x600000fc6140;  1 drivers
S_0x7fddf6205a60 .scope module, "mine[16]" "yAdder1" 3 8, 4 1 0, S_0x7fddf62041f0;
 .timescale 0 0;
    .port_info 0 /OUTPUT 1 "z";
    .port_info 1 /OUTPUT 1 "cout";
    .port_info 2 /INPUT 1 "a";
    .port_info 3 /INPUT 1 "b";
    .port_info 4 /INPUT 1 "cin";
L_0x600000fc6300 .functor XOR 1, L_0x6000015c8b40, L_0x6000015c9f40, C4<0>, C4<0>;
L_0x600000fc6370 .functor XOR 1, L_0x6000015cb340, L_0x600000fc6300, C4<0>, C4<0>;
L_0x600000fc63e0 .functor AND 1, L_0x6000015c8b40, L_0x6000015c9f40, C4<1>, C4<1>;
L_0x600000fc6450 .functor AND 1, L_0x600000fc6300, L_0x6000015cb340, C4<1>, C4<1>;
L_0x600000fc64c0 .functor OR 1, L_0x600000fc6450, L_0x600000fc63e0, C4<0>, C4<0>;
v0x6000016d8870_0 .net "a", 0 0, L_0x6000015c8b40;  1 drivers
v0x6000016d8900_0 .net "b", 0 0, L_0x6000015c9f40;  1 drivers
v0x6000016d8990_0 .net "cin", 0 0, L_0x6000015cb340;  1 drivers
v0x6000016d8a20_0 .net "cout", 0 0, L_0x600000fc64c0;  1 drivers
v0x6000016d8ab0_0 .net "outL", 0 0, L_0x600000fc63e0;  1 drivers
v0x6000016d8b40_0 .net "outR", 0 0, L_0x600000fc6450;  1 drivers
v0x6000016d8bd0_0 .net "tmp", 0 0, L_0x600000fc6300;  1 drivers
v0x6000016d8c60_0 .net "z", 0 0, L_0x600000fc6370;  1 drivers
S_0x7fddf6205bd0 .scope module, "mine[17]" "yAdder1" 3 8, 4 1 0, S_0x7fddf62041f0;
 .timescale 0 0;
    .port_info 0 /OUTPUT 1 "z";
    .port_info 1 /OUTPUT 1 "cout";
    .port_info 2 /INPUT 1 "a";
    .port_info 3 /INPUT 1 "b";
    .port_info 4 /INPUT 1 "cin";
L_0x600000fc6530 .functor XOR 1, L_0x6000015c8c80, L_0x6000015c9fe0, C4<0>, C4<0>;
L_0x600000fc65a0 .functor XOR 1, L_0x6000015cb3e0, L_0x600000fc6530, C4<0>, C4<0>;
L_0x600000fc6610 .functor AND 1, L_0x6000015c8c80, L_0x6000015c9fe0, C4<1>, C4<1>;
L_0x600000fc6680 .functor AND 1, L_0x600000fc6530, L_0x6000015cb3e0, C4<1>, C4<1>;
L_0x600000fc66f0 .functor OR 1, L_0x600000fc6680, L_0x600000fc6610, C4<0>, C4<0>;
v0x6000016d8cf0_0 .net "a", 0 0, L_0x6000015c8c80;  1 drivers
v0x6000016d8d80_0 .net "b", 0 0, L_0x6000015c9fe0;  1 drivers
v0x6000016d8e10_0 .net "cin", 0 0, L_0x6000015cb3e0;  1 drivers
v0x6000016d8ea0_0 .net "cout", 0 0, L_0x600000fc66f0;  1 drivers
v0x6000016d8f30_0 .net "outL", 0 0, L_0x600000fc6610;  1 drivers
v0x6000016d8fc0_0 .net "outR", 0 0, L_0x600000fc6680;  1 drivers
v0x6000016d9050_0 .net "tmp", 0 0, L_0x600000fc6530;  1 drivers
v0x6000016d90e0_0 .net "z", 0 0, L_0x600000fc65a0;  1 drivers
S_0x7fddf6205d40 .scope module, "mine[18]" "yAdder1" 3 8, 4 1 0, S_0x7fddf62041f0;
 .timescale 0 0;
    .port_info 0 /OUTPUT 1 "z";
    .port_info 1 /OUTPUT 1 "cout";
    .port_info 2 /INPUT 1 "a";
    .port_info 3 /INPUT 1 "b";
    .port_info 4 /INPUT 1 "cin";
L_0x600000fc6760 .functor XOR 1, L_0x6000015c8d20, L_0x6000015ca080, C4<0>, C4<0>;
L_0x600000fc67d0 .functor XOR 1, L_0x6000015cb480, L_0x600000fc6760, C4<0>, C4<0>;
L_0x600000fc6840 .functor AND 1, L_0x6000015c8d20, L_0x6000015ca080, C4<1>, C4<1>;
L_0x600000fc68b0 .functor AND 1, L_0x600000fc6760, L_0x6000015cb480, C4<1>, C4<1>;
L_0x600000fc6920 .functor OR 1, L_0x600000fc68b0, L_0x600000fc6840, C4<0>, C4<0>;
v0x6000016d9170_0 .net "a", 0 0, L_0x6000015c8d20;  1 drivers
v0x6000016d9200_0 .net "b", 0 0, L_0x6000015ca080;  1 drivers
v0x6000016d9290_0 .net "cin", 0 0, L_0x6000015cb480;  1 drivers
v0x6000016d9320_0 .net "cout", 0 0, L_0x600000fc6920;  1 drivers
v0x6000016d93b0_0 .net "outL", 0 0, L_0x600000fc6840;  1 drivers
v0x6000016d9440_0 .net "outR", 0 0, L_0x600000fc68b0;  1 drivers
v0x6000016d94d0_0 .net "tmp", 0 0, L_0x600000fc6760;  1 drivers
v0x6000016d9560_0 .net "z", 0 0, L_0x600000fc67d0;  1 drivers
S_0x7fddf6205eb0 .scope module, "mine[19]" "yAdder1" 3 8, 4 1 0, S_0x7fddf62041f0;
 .timescale 0 0;
    .port_info 0 /OUTPUT 1 "z";
    .port_info 1 /OUTPUT 1 "cout";
    .port_info 2 /INPUT 1 "a";
    .port_info 3 /INPUT 1 "b";
    .port_info 4 /INPUT 1 "cin";
L_0x600000fc6990 .functor XOR 1, L_0x6000015c8be0, L_0x6000015ca120, C4<0>, C4<0>;
L_0x600000fc6a00 .functor XOR 1, L_0x6000015cb520, L_0x600000fc6990, C4<0>, C4<0>;
L_0x600000fc6a70 .functor AND 1, L_0x6000015c8be0, L_0x6000015ca120, C4<1>, C4<1>;
L_0x600000fc6ae0 .functor AND 1, L_0x600000fc6990, L_0x6000015cb520, C4<1>, C4<1>;
L_0x600000fc6b50 .functor OR 1, L_0x600000fc6ae0, L_0x600000fc6a70, C4<0>, C4<0>;
v0x6000016d95f0_0 .net "a", 0 0, L_0x6000015c8be0;  1 drivers
v0x6000016d9680_0 .net "b", 0 0, L_0x6000015ca120;  1 drivers
v0x6000016d9710_0 .net "cin", 0 0, L_0x6000015cb520;  1 drivers
v0x6000016d97a0_0 .net "cout", 0 0, L_0x600000fc6b50;  1 drivers
v0x6000016d9830_0 .net "outL", 0 0, L_0x600000fc6a70;  1 drivers
v0x6000016d98c0_0 .net "outR", 0 0, L_0x600000fc6ae0;  1 drivers
v0x6000016d9950_0 .net "tmp", 0 0, L_0x600000fc6990;  1 drivers
v0x6000016d99e0_0 .net "z", 0 0, L_0x600000fc6a00;  1 drivers
S_0x7fddf6206020 .scope module, "mine[20]" "yAdder1" 3 8, 4 1 0, S_0x7fddf62041f0;
 .timescale 0 0;
    .port_info 0 /OUTPUT 1 "z";
    .port_info 1 /OUTPUT 1 "cout";
    .port_info 2 /INPUT 1 "a";
    .port_info 3 /INPUT 1 "b";
    .port_info 4 /INPUT 1 "cin";
L_0x600000fc6bc0 .functor XOR 1, L_0x6000015c8dc0, L_0x6000015ca1c0, C4<0>, C4<0>;
L_0x600000fc6c30 .functor XOR 1, L_0x6000015cb5c0, L_0x600000fc6bc0, C4<0>, C4<0>;
L_0x600000fc6ca0 .functor AND 1, L_0x6000015c8dc0, L_0x6000015ca1c0, C4<1>, C4<1>;
L_0x600000fc6d10 .functor AND 1, L_0x600000fc6bc0, L_0x6000015cb5c0, C4<1>, C4<1>;
L_0x600000fc6d80 .functor OR 1, L_0x600000fc6d10, L_0x600000fc6ca0, C4<0>, C4<0>;
v0x6000016d9a70_0 .net "a", 0 0, L_0x6000015c8dc0;  1 drivers
v0x6000016d9b00_0 .net "b", 0 0, L_0x6000015ca1c0;  1 drivers
v0x6000016d9b90_0 .net "cin", 0 0, L_0x6000015cb5c0;  1 drivers
v0x6000016d9c20_0 .net "cout", 0 0, L_0x600000fc6d80;  1 drivers
v0x6000016d9cb0_0 .net "outL", 0 0, L_0x600000fc6ca0;  1 drivers
v0x6000016d9d40_0 .net "outR", 0 0, L_0x600000fc6d10;  1 drivers
v0x6000016d9dd0_0 .net "tmp", 0 0, L_0x600000fc6bc0;  1 drivers
v0x6000016d9e60_0 .net "z", 0 0, L_0x600000fc6c30;  1 drivers
S_0x7fddf6206190 .scope module, "mine[21]" "yAdder1" 3 8, 4 1 0, S_0x7fddf62041f0;
 .timescale 0 0;
    .port_info 0 /OUTPUT 1 "z";
    .port_info 1 /OUTPUT 1 "cout";
    .port_info 2 /INPUT 1 "a";
    .port_info 3 /INPUT 1 "b";
    .port_info 4 /INPUT 1 "cin";
L_0x600000fc6df0 .functor XOR 1, L_0x6000015c8e60, L_0x6000015ca260, C4<0>, C4<0>;
L_0x600000fc6e60 .functor XOR 1, L_0x6000015cb660, L_0x600000fc6df0, C4<0>, C4<0>;
L_0x600000fc6ed0 .functor AND 1, L_0x6000015c8e60, L_0x6000015ca260, C4<1>, C4<1>;
L_0x600000fc6f40 .functor AND 1, L_0x600000fc6df0, L_0x6000015cb660, C4<1>, C4<1>;
L_0x600000fc6fb0 .functor OR 1, L_0x600000fc6f40, L_0x600000fc6ed0, C4<0>, C4<0>;
v0x6000016d9ef0_0 .net "a", 0 0, L_0x6000015c8e60;  1 drivers
v0x6000016d9f80_0 .net "b", 0 0, L_0x6000015ca260;  1 drivers
v0x6000016da010_0 .net "cin", 0 0, L_0x6000015cb660;  1 drivers
v0x6000016da0a0_0 .net "cout", 0 0, L_0x600000fc6fb0;  1 drivers
v0x6000016da130_0 .net "outL", 0 0, L_0x600000fc6ed0;  1 drivers
v0x6000016da1c0_0 .net "outR", 0 0, L_0x600000fc6f40;  1 drivers
v0x6000016da250_0 .net "tmp", 0 0, L_0x600000fc6df0;  1 drivers
v0x6000016da2e0_0 .net "z", 0 0, L_0x600000fc6e60;  1 drivers
S_0x7fddf6206300 .scope module, "mine[22]" "yAdder1" 3 8, 4 1 0, S_0x7fddf62041f0;
 .timescale 0 0;
    .port_info 0 /OUTPUT 1 "z";
    .port_info 1 /OUTPUT 1 "cout";
    .port_info 2 /INPUT 1 "a";
    .port_info 3 /INPUT 1 "b";
    .port_info 4 /INPUT 1 "cin";
L_0x600000fc7020 .functor XOR 1, L_0x6000015c8f00, L_0x6000015ca300, C4<0>, C4<0>;
L_0x600000fc7090 .functor XOR 1, L_0x6000015cb700, L_0x600000fc7020, C4<0>, C4<0>;
L_0x600000fc7100 .functor AND 1, L_0x6000015c8f00, L_0x6000015ca300, C4<1>, C4<1>;
L_0x600000fc7170 .functor AND 1, L_0x600000fc7020, L_0x6000015cb700, C4<1>, C4<1>;
L_0x600000fc71e0 .functor OR 1, L_0x600000fc7170, L_0x600000fc7100, C4<0>, C4<0>;
v0x6000016da370_0 .net "a", 0 0, L_0x6000015c8f00;  1 drivers
v0x6000016da400_0 .net "b", 0 0, L_0x6000015ca300;  1 drivers
v0x6000016da490_0 .net "cin", 0 0, L_0x6000015cb700;  1 drivers
v0x6000016da520_0 .net "cout", 0 0, L_0x600000fc71e0;  1 drivers
v0x6000016da5b0_0 .net "outL", 0 0, L_0x600000fc7100;  1 drivers
v0x6000016da640_0 .net "outR", 0 0, L_0x600000fc7170;  1 drivers
v0x6000016da6d0_0 .net "tmp", 0 0, L_0x600000fc7020;  1 drivers
v0x6000016da760_0 .net "z", 0 0, L_0x600000fc7090;  1 drivers
S_0x7fddf6206470 .scope module, "mine[23]" "yAdder1" 3 8, 4 1 0, S_0x7fddf62041f0;
 .timescale 0 0;
    .port_info 0 /OUTPUT 1 "z";
    .port_info 1 /OUTPUT 1 "cout";
    .port_info 2 /INPUT 1 "a";
    .port_info 3 /INPUT 1 "b";
    .port_info 4 /INPUT 1 "cin";
L_0x600000fc7250 .functor XOR 1, L_0x6000015c8fa0, L_0x6000015ca3a0, C4<0>, C4<0>;
L_0x600000fc72c0 .functor XOR 1, L_0x6000015cb7a0, L_0x600000fc7250, C4<0>, C4<0>;
L_0x600000fc7330 .functor AND 1, L_0x6000015c8fa0, L_0x6000015ca3a0, C4<1>, C4<1>;
L_0x600000fc73a0 .functor AND 1, L_0x600000fc7250, L_0x6000015cb7a0, C4<1>, C4<1>;
L_0x600000fc7410 .functor OR 1, L_0x600000fc73a0, L_0x600000fc7330, C4<0>, C4<0>;
v0x6000016da7f0_0 .net "a", 0 0, L_0x6000015c8fa0;  1 drivers
v0x6000016da880_0 .net "b", 0 0, L_0x6000015ca3a0;  1 drivers
v0x6000016da910_0 .net "cin", 0 0, L_0x6000015cb7a0;  1 drivers
v0x6000016da9a0_0 .net "cout", 0 0, L_0x600000fc7410;  1 drivers
v0x6000016daa30_0 .net "outL", 0 0, L_0x600000fc7330;  1 drivers
v0x6000016daac0_0 .net "outR", 0 0, L_0x600000fc73a0;  1 drivers
v0x6000016dab50_0 .net "tmp", 0 0, L_0x600000fc7250;  1 drivers
v0x6000016dabe0_0 .net "z", 0 0, L_0x600000fc72c0;  1 drivers
S_0x7fddf62065e0 .scope module, "mine[24]" "yAdder1" 3 8, 4 1 0, S_0x7fddf62041f0;
 .timescale 0 0;
    .port_info 0 /OUTPUT 1 "z";
    .port_info 1 /OUTPUT 1 "cout";
    .port_info 2 /INPUT 1 "a";
    .port_info 3 /INPUT 1 "b";
    .port_info 4 /INPUT 1 "cin";
L_0x600000fc7480 .functor XOR 1, L_0x6000015c9040, L_0x6000015ca440, C4<0>, C4<0>;
L_0x600000fc74f0 .functor XOR 1, L_0x6000015cb840, L_0x600000fc7480, C4<0>, C4<0>;
L_0x600000fc7560 .functor AND 1, L_0x6000015c9040, L_0x6000015ca440, C4<1>, C4<1>;
L_0x600000fc75d0 .functor AND 1, L_0x600000fc7480, L_0x6000015cb840, C4<1>, C4<1>;
L_0x600000fc7640 .functor OR 1, L_0x600000fc75d0, L_0x600000fc7560, C4<0>, C4<0>;
v0x6000016dac70_0 .net "a", 0 0, L_0x6000015c9040;  1 drivers
v0x6000016dad00_0 .net "b", 0 0, L_0x6000015ca440;  1 drivers
v0x6000016dad90_0 .net "cin", 0 0, L_0x6000015cb840;  1 drivers
v0x6000016dae20_0 .net "cout", 0 0, L_0x600000fc7640;  1 drivers
v0x6000016daeb0_0 .net "outL", 0 0, L_0x600000fc7560;  1 drivers
v0x6000016daf40_0 .net "outR", 0 0, L_0x600000fc75d0;  1 drivers
v0x6000016dafd0_0 .net "tmp", 0 0, L_0x600000fc7480;  1 drivers
v0x6000016db060_0 .net "z", 0 0, L_0x600000fc74f0;  1 drivers
S_0x7fddf6206750 .scope module, "mine[25]" "yAdder1" 3 8, 4 1 0, S_0x7fddf62041f0;
 .timescale 0 0;
    .port_info 0 /OUTPUT 1 "z";
    .port_info 1 /OUTPUT 1 "cout";
    .port_info 2 /INPUT 1 "a";
    .port_info 3 /INPUT 1 "b";
    .port_info 4 /INPUT 1 "cin";
L_0x600000fc76b0 .functor XOR 1, L_0x6000015c90e0, L_0x6000015ca4e0, C4<0>, C4<0>;
L_0x600000fc7720 .functor XOR 1, L_0x6000015cb8e0, L_0x600000fc76b0, C4<0>, C4<0>;
L_0x600000fc7790 .functor AND 1, L_0x6000015c90e0, L_0x6000015ca4e0, C4<1>, C4<1>;
L_0x600000fc7800 .functor AND 1, L_0x600000fc76b0, L_0x6000015cb8e0, C4<1>, C4<1>;
L_0x600000fc7870 .functor OR 1, L_0x600000fc7800, L_0x600000fc7790, C4<0>, C4<0>;
v0x6000016db0f0_0 .net "a", 0 0, L_0x6000015c90e0;  1 drivers
v0x6000016db180_0 .net "b", 0 0, L_0x6000015ca4e0;  1 drivers
v0x6000016db210_0 .net "cin", 0 0, L_0x6000015cb8e0;  1 drivers
v0x6000016db2a0_0 .net "cout", 0 0, L_0x600000fc7870;  1 drivers
v0x6000016db330_0 .net "outL", 0 0, L_0x600000fc7790;  1 drivers
v0x6000016db3c0_0 .net "outR", 0 0, L_0x600000fc7800;  1 drivers
v0x6000016db450_0 .net "tmp", 0 0, L_0x600000fc76b0;  1 drivers
v0x6000016db4e0_0 .net "z", 0 0, L_0x600000fc7720;  1 drivers
S_0x7fddf62068c0 .scope module, "mine[26]" "yAdder1" 3 8, 4 1 0, S_0x7fddf62041f0;
 .timescale 0 0;
    .port_info 0 /OUTPUT 1 "z";
    .port_info 1 /OUTPUT 1 "cout";
    .port_info 2 /INPUT 1 "a";
    .port_info 3 /INPUT 1 "b";
    .port_info 4 /INPUT 1 "cin";
L_0x600000fc78e0 .functor XOR 1, L_0x6000015c9180, L_0x6000015ca580, C4<0>, C4<0>;
L_0x600000fc7950 .functor XOR 1, L_0x6000015cb980, L_0x600000fc78e0, C4<0>, C4<0>;
L_0x600000fc79c0 .functor AND 1, L_0x6000015c9180, L_0x6000015ca580, C4<1>, C4<1>;
L_0x600000fc7a30 .functor AND 1, L_0x600000fc78e0, L_0x6000015cb980, C4<1>, C4<1>;
L_0x600000fc7aa0 .functor OR 1, L_0x600000fc7a30, L_0x600000fc79c0, C4<0>, C4<0>;
v0x6000016db570_0 .net "a", 0 0, L_0x6000015c9180;  1 drivers
v0x6000016db600_0 .net "b", 0 0, L_0x6000015ca580;  1 drivers
v0x6000016db690_0 .net "cin", 0 0, L_0x6000015cb980;  1 drivers
v0x6000016db720_0 .net "cout", 0 0, L_0x600000fc7aa0;  1 drivers
v0x6000016db7b0_0 .net "outL", 0 0, L_0x600000fc79c0;  1 drivers
v0x6000016db840_0 .net "outR", 0 0, L_0x600000fc7a30;  1 drivers
v0x6000016db8d0_0 .net "tmp", 0 0, L_0x600000fc78e0;  1 drivers
v0x6000016db960_0 .net "z", 0 0, L_0x600000fc7950;  1 drivers
S_0x7fddf6206a30 .scope module, "mine[27]" "yAdder1" 3 8, 4 1 0, S_0x7fddf62041f0;
 .timescale 0 0;
    .port_info 0 /OUTPUT 1 "z";
    .port_info 1 /OUTPUT 1 "cout";
    .port_info 2 /INPUT 1 "a";
    .port_info 3 /INPUT 1 "b";
    .port_info 4 /INPUT 1 "cin";
L_0x600000fc7b10 .functor XOR 1, L_0x6000015c9220, L_0x6000015ca620, C4<0>, C4<0>;
L_0x600000fc7b80 .functor XOR 1, L_0x6000015cba20, L_0x600000fc7b10, C4<0>, C4<0>;
L_0x600000fc7bf0 .functor AND 1, L_0x6000015c9220, L_0x6000015ca620, C4<1>, C4<1>;
L_0x600000fc7c60 .functor AND 1, L_0x600000fc7b10, L_0x6000015cba20, C4<1>, C4<1>;
L_0x600000fc7cd0 .functor OR 1, L_0x600000fc7c60, L_0x600000fc7bf0, C4<0>, C4<0>;
v0x6000016db9f0_0 .net "a", 0 0, L_0x6000015c9220;  1 drivers
v0x6000016dba80_0 .net "b", 0 0, L_0x6000015ca620;  1 drivers
v0x6000016dbb10_0 .net "cin", 0 0, L_0x6000015cba20;  1 drivers
v0x6000016dbba0_0 .net "cout", 0 0, L_0x600000fc7cd0;  1 drivers
v0x6000016dbc30_0 .net "outL", 0 0, L_0x600000fc7bf0;  1 drivers
v0x6000016dbcc0_0 .net "outR", 0 0, L_0x600000fc7c60;  1 drivers
v0x6000016dbd50_0 .net "tmp", 0 0, L_0x600000fc7b10;  1 drivers
v0x6000016dbde0_0 .net "z", 0 0, L_0x600000fc7b80;  1 drivers
S_0x7fddf6206ba0 .scope module, "mine[28]" "yAdder1" 3 8, 4 1 0, S_0x7fddf62041f0;
 .timescale 0 0;
    .port_info 0 /OUTPUT 1 "z";
    .port_info 1 /OUTPUT 1 "cout";
    .port_info 2 /INPUT 1 "a";
    .port_info 3 /INPUT 1 "b";
    .port_info 4 /INPUT 1 "cin";
L_0x600000fc7d40 .functor XOR 1, L_0x6000015c92c0, L_0x6000015ca6c0, C4<0>, C4<0>;
L_0x600000fc7db0 .functor XOR 1, L_0x6000015cbac0, L_0x600000fc7d40, C4<0>, C4<0>;
L_0x600000fc7e20 .functor AND 1, L_0x6000015c92c0, L_0x6000015ca6c0, C4<1>, C4<1>;
L_0x600000fc7e90 .functor AND 1, L_0x600000fc7d40, L_0x6000015cbac0, C4<1>, C4<1>;
L_0x600000fc7f00 .functor OR 1, L_0x600000fc7e90, L_0x600000fc7e20, C4<0>, C4<0>;
v0x6000016dbe70_0 .net "a", 0 0, L_0x6000015c92c0;  1 drivers
v0x6000016dbf00_0 .net "b", 0 0, L_0x6000015ca6c0;  1 drivers
v0x6000016dc000_0 .net "cin", 0 0, L_0x6000015cbac0;  1 drivers
v0x6000016dc090_0 .net "cout", 0 0, L_0x600000fc7f00;  1 drivers
v0x6000016dc120_0 .net "outL", 0 0, L_0x600000fc7e20;  1 drivers
v0x6000016dc1b0_0 .net "outR", 0 0, L_0x600000fc7e90;  1 drivers
v0x6000016dc240_0 .net "tmp", 0 0, L_0x600000fc7d40;  1 drivers
v0x6000016dc2d0_0 .net "z", 0 0, L_0x600000fc7db0;  1 drivers
S_0x7fddf6206d10 .scope module, "mine[29]" "yAdder1" 3 8, 4 1 0, S_0x7fddf62041f0;
 .timescale 0 0;
    .port_info 0 /OUTPUT 1 "z";
    .port_info 1 /OUTPUT 1 "cout";
    .port_info 2 /INPUT 1 "a";
    .port_info 3 /INPUT 1 "b";
    .port_info 4 /INPUT 1 "cin";
L_0x600000fc7f70 .functor XOR 1, L_0x6000015c9360, L_0x6000015ca760, C4<0>, C4<0>;
L_0x600000fd8000 .functor XOR 1, L_0x6000015cbb60, L_0x600000fc7f70, C4<0>, C4<0>;
L_0x600000fd8070 .functor AND 1, L_0x6000015c9360, L_0x6000015ca760, C4<1>, C4<1>;
L_0x600000fd80e0 .functor AND 1, L_0x600000fc7f70, L_0x6000015cbb60, C4<1>, C4<1>;
L_0x600000fd8150 .functor OR 1, L_0x600000fd80e0, L_0x600000fd8070, C4<0>, C4<0>;
v0x6000016dc360_0 .net "a", 0 0, L_0x6000015c9360;  1 drivers
v0x6000016dc3f0_0 .net "b", 0 0, L_0x6000015ca760;  1 drivers
v0x6000016dc480_0 .net "cin", 0 0, L_0x6000015cbb60;  1 drivers
v0x6000016dc510_0 .net "cout", 0 0, L_0x600000fd8150;  1 drivers
v0x6000016dc5a0_0 .net "outL", 0 0, L_0x600000fd8070;  1 drivers
v0x6000016dc630_0 .net "outR", 0 0, L_0x600000fd80e0;  1 drivers
v0x6000016dc6c0_0 .net "tmp", 0 0, L_0x600000fc7f70;  1 drivers
v0x6000016dc750_0 .net "z", 0 0, L_0x600000fd8000;  1 drivers
S_0x7fddf6206e80 .scope module, "mine[30]" "yAdder1" 3 8, 4 1 0, S_0x7fddf62041f0;
 .timescale 0 0;
    .port_info 0 /OUTPUT 1 "z";
    .port_info 1 /OUTPUT 1 "cout";
    .port_info 2 /INPUT 1 "a";
    .port_info 3 /INPUT 1 "b";
    .port_info 4 /INPUT 1 "cin";
L_0x600000fd81c0 .functor XOR 1, L_0x6000015c9400, L_0x6000015ca800, C4<0>, C4<0>;
L_0x600000fd8230 .functor XOR 1, L_0x6000015cbc00, L_0x600000fd81c0, C4<0>, C4<0>;
L_0x600000fd82a0 .functor AND 1, L_0x6000015c9400, L_0x6000015ca800, C4<1>, C4<1>;
L_0x600000fd8310 .functor AND 1, L_0x600000fd81c0, L_0x6000015cbc00, C4<1>, C4<1>;
L_0x600000fd8380 .functor OR 1, L_0x600000fd8310, L_0x600000fd82a0, C4<0>, C4<0>;
v0x6000016dc7e0_0 .net "a", 0 0, L_0x6000015c9400;  1 drivers
v0x6000016dc870_0 .net "b", 0 0, L_0x6000015ca800;  1 drivers
v0x6000016dc900_0 .net "cin", 0 0, L_0x6000015cbc00;  1 drivers
v0x6000016dc990_0 .net "cout", 0 0, L_0x600000fd8380;  1 drivers
v0x6000016dca20_0 .net "outL", 0 0, L_0x600000fd82a0;  1 drivers
v0x6000016dcab0_0 .net "outR", 0 0, L_0x600000fd8310;  1 drivers
v0x6000016dcb40_0 .net "tmp", 0 0, L_0x600000fd81c0;  1 drivers
v0x6000016dcbd0_0 .net "z", 0 0, L_0x600000fd8230;  1 drivers
S_0x7fddf6206ff0 .scope module, "mine[31]" "yAdder1" 3 8, 4 1 0, S_0x7fddf62041f0;
 .timescale 0 0;
    .port_info 0 /OUTPUT 1 "z";
    .port_info 1 /OUTPUT 1 "cout";
    .port_info 2 /INPUT 1 "a";
    .port_info 3 /INPUT 1 "b";
    .port_info 4 /INPUT 1 "cin";
L_0x600000fd83f0 .functor XOR 1, L_0x6000015c94a0, L_0x6000015ca8a0, C4<0>, C4<0>;
L_0x600000fd8460 .functor XOR 1, L_0x6000015cbca0, L_0x600000fd83f0, C4<0>, C4<0>;
L_0x600000fd84d0 .functor AND 1, L_0x6000015c94a0, L_0x6000015ca8a0, C4<1>, C4<1>;
L_0x600000fd8540 .functor AND 1, L_0x600000fd83f0, L_0x6000015cbca0, C4<1>, C4<1>;
L_0x600000fd85b0 .functor OR 1, L_0x600000fd8540, L_0x600000fd84d0, C4<0>, C4<0>;
v0x6000016dcc60_0 .net "a", 0 0, L_0x6000015c94a0;  1 drivers
v0x6000016dccf0_0 .net "b", 0 0, L_0x6000015ca8a0;  1 drivers
v0x6000016dcd80_0 .net "cin", 0 0, L_0x6000015cbca0;  1 drivers
v0x6000016dce10_0 .net "cout", 0 0, L_0x600000fd85b0;  1 drivers
v0x6000016dcea0_0 .net "outL", 0 0, L_0x600000fd84d0;  1 drivers
v0x6000016dcf30_0 .net "outR", 0 0, L_0x600000fd8540;  1 drivers
v0x6000016dcfc0_0 .net "tmp", 0 0, L_0x600000fd83f0;  1 drivers
v0x6000016dd050_0 .net "z", 0 0, L_0x600000fd8460;  1 drivers
    .scope S_0x7fddf6204080;
T_0 ;
    %pushi/vec4 10, 0, 32;
T_0.0 %dup/vec4;
    %pushi/vec4 0, 0, 32;
    %cmp/s;
    %jmp/1xz T_0.1, 5;
    %jmp/1 T_0.1, 4;
    %pushi/vec4 1, 0, 32;
    %sub;
    %vpi_func 2 14 "$random" 32 {0 0 0};
    %store/vec4 v0x6000016dd5f0_0, 0, 32;
    %vpi_func 2 14 "$random" 32 {0 0 0};
    %store/vec4 v0x6000016dd680_0, 0, 32;
    %pushi/vec4 0, 0, 1;
    %store/vec4 v0x6000016dd710_0, 0, 1;
    %load/vec4 v0x6000016dd5f0_0;
    %load/vec4 v0x6000016dd680_0;
    %add;
    %load/vec4 v0x6000016dd710_0;
    %pad/u 32;
    %add;
    %store/vec4 v0x6000016dd830_0, 0, 32;
    %pushi/vec4 0, 0, 1;
    %store/vec4 v0x6000016dd8c0_0, 0, 1;
    %delay 1, 0;
    %load/vec4 v0x6000016dd830_0;
    %load/vec4 v0x6000016dd950_0;
    %cmp/e;
    %jmp/0xz  T_0.2, 6;
    %pushi/vec4 1, 0, 1;
    %store/vec4 v0x6000016dd8c0_0, 0, 1;
T_0.2 ;
    %load/vec4 v0x6000016dd8c0_0;
    %pad/u 32;
    %cmpi/e 1, 0, 32;
    %jmp/0xz  T_0.4, 6;
    %vpi_call 2 20 "$display", "PASS: ok=%d a=%d b=%d cin=%d cout=%d z=%d expect=%d", v0x6000016dd8c0_0, v0x6000016dd5f0_0, v0x6000016dd680_0, v0x6000016dd710_0, v0x6000016dd7a0_0, v0x6000016dd950_0, v0x6000016dd830_0 {0 0 0};
    %jmp T_0.5;
T_0.4 ;
    %vpi_call 2 22 "$display", "FAIL: ok=%d a=%d b=%d cin=%d cout=%d z=%d expect=%d", v0x6000016dd8c0_0, v0x6000016dd5f0_0, v0x6000016dd680_0, v0x6000016dd710_0, v0x6000016dd7a0_0, v0x6000016dd950_0, v0x6000016dd830_0 {0 0 0};
T_0.5 ;
    %jmp T_0.0;
T_0.1 ;
    %pop/vec4 1;
    %vpi_call 2 24 "$finish" {0 0 0};
    %end;
    .thread T_0;
# The file index is used to find the file name in the following table.
:file_names 5;
    "N/A";
    "<interactive>";
    "labL7.v";
    "yAdder.v";
    "yAdder1.v";
